This file contains any messages produced by compilers while
running configure, to aid debugging if configure makes a mistake.

It was created by FronTier configure 1.0, which was
generated by GNU Autoconf 2.67.  Invocation command line was

  $ ./configure --with-openmpi=/usr/local/pkg/openmpi --with-petsc=/usr/local/pkg/petsc-3.1-p7 -with-devel

## --------- ##
## Platform. ##
## --------- ##

hostname = dontpanic
uname -m = x86_64
uname -r = 2.6.32-5-amd64
uname -s = Linux
uname -v = #1 SMP Mon Sep 23 22:14:43 UTC 2013

/usr/bin/uname -p = unknown
/bin/uname -X     = unknown

/bin/arch              = unknown
/usr/bin/arch -k       = unknown
/usr/convex/getsysinfo = unknown
/usr/bin/hostinfo      = unknown
/bin/machine           = unknown
/usr/bin/oslevel       = unknown
/bin/universe          = unknown

PATH: ./
PATH: /usr/local/pkg/openmpi/bin
PATH: /usr/local/pkg/visit/bin
PATH: /usr/local/pkg/HDF4/bin
PATH: /nfs/user01/hyulim/daesang/3dma_rock/bin
PATH: /usr/local/bin
PATH: /usr/bin
PATH: /bin
PATH: /usr/local/games
PATH: /usr/games
PATH: /usr/local/pkg/torque/bin
PATH: /usr/local/pkg/openmpi/bin
PATH: /usr/local/bin
PATH: /usr/bin
PATH: /bin
PATH: /usr/bin/X11
PATH: /usr/games


## ----------- ##
## Core tests. ##
## ----------- ##

configure:2304: checking for ranlib
configure:2320: found /usr/bin/ranlib
configure:2331: result: ranlib
configure:2396: checking for a BSD-compatible install
configure:2464: result: /usr/bin/install -c
configure:2479: checking build system type
configure:2493: result: x86_64-unknown-linux-gnu
configure:2517: checking for gawk
configure:2547: result: no
configure:2517: checking for mawk
configure:2533: found /usr/bin/mawk
configure:2544: result: mawk
configure:2777: checking for C compiler version
configure:2786: mpicc -g -pedantic -Wno-long-long --version >&5
gcc (Debian 4.4.5-8) 4.4.5
Copyright (C) 2010 Free Software Foundation, Inc.
This is free software; see the source for copying conditions.  There is NO
warranty; not even for MERCHANTABILITY or FITNESS FOR A PARTICULAR PURPOSE.

configure:2797: $? = 0
configure:2786: mpicc -g -pedantic -Wno-long-long -v >&5
Using built-in specs.
Target: x86_64-linux-gnu
Configured with: ../src/configure -v --with-pkgversion='Debian 4.4.5-8' --with-bugurl=file:///usr/share/doc/gcc-4.4/README.Bugs --enable-languages=c,c++,fortran,objc,obj-c++ --prefix=/usr --program-suffix=-4.4 --enable-shared --enable-multiarch --enable-linker-build-id --with-system-zlib --libexecdir=/usr/lib --without-included-gettext --enable-threads=posix --with-gxx-include-dir=/usr/include/c++/4.4 --libdir=/usr/lib --enable-nls --enable-clocale=gnu --enable-libstdcxx-debug --enable-objc-gc --with-arch-32=i586 --with-tune=generic --enable-checking=release --build=x86_64-linux-gnu --host=x86_64-linux-gnu --target=x86_64-linux-gnu
Thread model: posix
gcc version 4.4.5 (Debian 4.4.5-8) 
configure:2797: $? = 0
configure:2786: mpicc -g -pedantic -Wno-long-long -V >&5
gcc: '-V' must come at the start of the command line
configure:2797: $? = 1
configure:2786: mpicc -g -pedantic -Wno-long-long -qversion >&5
gcc: unrecognized option '-qversion'
gcc: no input files
configure:2797: $? = 1
configure:2817: checking whether the C compiler works
configure:2839: mpicc -g -pedantic -Wno-long-long    conftest.c  >&5
configure:2843: $? = 0
configure:2891: result: yes
configure:2894: checking for C compiler default output file name
configure:2896: result: a.out
configure:2902: checking for suffix of executables
configure:2909: mpicc -g -pedantic -Wno-long-long -o conftest    conftest.c  >&5
configure:2913: $? = 0
configure:2935: result: 
configure:2957: checking whether we are cross compiling
configure:2965: mpicc -g -pedantic -Wno-long-long -o conftest    conftest.c  >&5
configure:2969: $? = 0
configure:2976: ./conftest
configure:2980: $? = 0
configure:2995: result: no
configure:3000: checking for suffix of object files
configure:3022: mpicc -g -pedantic -Wno-long-long -c   conftest.c >&5
configure:3026: $? = 0
configure:3047: result: o
configure:3051: checking whether we are using the GNU C compiler
configure:3070: mpicc -g -pedantic -Wno-long-long -c   conftest.c >&5
configure:3070: $? = 0
configure:3079: result: yes
configure:3088: checking whether mpicc -g -pedantic -Wno-long-long accepts -g
configure:3108: mpicc -g -pedantic -Wno-long-long -c -g  conftest.c >&5
configure:3108: $? = 0
configure:3149: result: yes
configure:3166: checking for mpicc -g -pedantic -Wno-long-long option to accept ISO C89
configure:3230: mpicc -g -pedantic -Wno-long-long  -c -g -O2  conftest.c >&5
configure:3230: $? = 0
configure:3243: result: none needed
configure:3375: checking for C++ compiler version
configure:3384: mpicxx -g -pedantic -Wno-long-long --version >&5
g++ (Debian 4.4.5-8) 4.4.5
Copyright (C) 2010 Free Software Foundation, Inc.
This is free software; see the source for copying conditions.  There is NO
warranty; not even for MERCHANTABILITY or FITNESS FOR A PARTICULAR PURPOSE.

configure:3395: $? = 0
configure:3384: mpicxx -g -pedantic -Wno-long-long -v >&5
Using built-in specs.
Target: x86_64-linux-gnu
Configured with: ../src/configure -v --with-pkgversion='Debian 4.4.5-8' --with-bugurl=file:///usr/share/doc/gcc-4.4/README.Bugs --enable-languages=c,c++,fortran,objc,obj-c++ --prefix=/usr --program-suffix=-4.4 --enable-shared --enable-multiarch --enable-linker-build-id --with-system-zlib --libexecdir=/usr/lib --without-included-gettext --enable-threads=posix --with-gxx-include-dir=/usr/include/c++/4.4 --libdir=/usr/lib --enable-nls --enable-clocale=gnu --enable-libstdcxx-debug --enable-objc-gc --with-arch-32=i586 --with-tune=generic --enable-checking=release --build=x86_64-linux-gnu --host=x86_64-linux-gnu --target=x86_64-linux-gnu
Thread model: posix
gcc version 4.4.5 (Debian 4.4.5-8) 
configure:3395: $? = 0
configure:3384: mpicxx -g -pedantic -Wno-long-long -V >&5
g++: argument to '-V' missing

configure:3395: $? = 1
configure:3384: mpicxx -g -pedantic -Wno-long-long -qversion >&5
g++: unrecognized option '-qversion'
g++: no input files
configure:3395: $? = 1
configure:3399: checking whether we are using the GNU C++ compiler
configure:3418: mpicxx -g -pedantic -Wno-long-long -c   conftest.cpp >&5

## ---------------- ##
## Cache variables. ##
## ---------------- ##

ac_cv_build=x86_64-unknown-linux-gnu
ac_cv_c_compiler_gnu=yes
ac_cv_env_CCC_set=
ac_cv_env_CCC_value=
ac_cv_env_CC_set=set
ac_cv_env_CC_value='mpicc -g -pedantic -Wno-long-long'
ac_cv_env_CFLAGS_set=
ac_cv_env_CFLAGS_value=
ac_cv_env_CPPFLAGS_set=
ac_cv_env_CPPFLAGS_value=
ac_cv_env_CPP_set=
ac_cv_env_CPP_value=
ac_cv_env_CXXFLAGS_set=
ac_cv_env_CXXFLAGS_value=
ac_cv_env_CXX_set=set
ac_cv_env_CXX_value='mpicxx -g -pedantic -Wno-long-long'
ac_cv_env_F77_set=set
ac_cv_env_F77_value='mpif77 -g'
ac_cv_env_FFLAGS_set=
ac_cv_env_FFLAGS_value=
ac_cv_env_LDFLAGS_set=
ac_cv_env_LDFLAGS_value=
ac_cv_env_LIBS_set=
ac_cv_env_LIBS_value=
ac_cv_env_XMKMF_set=
ac_cv_env_XMKMF_value=
ac_cv_env_build_alias_set=
ac_cv_env_build_alias_value=
ac_cv_env_host_alias_set=
ac_cv_env_host_alias_value=
ac_cv_env_target_alias_set=
ac_cv_env_target_alias_value=
ac_cv_objext=o
ac_cv_path_install='/usr/bin/install -c'
ac_cv_prog_AWK=mawk
ac_cv_prog_ac_ct_RANLIB=ranlib
ac_cv_prog_cc_c89=
ac_cv_prog_cc_g=yes

## ----------------- ##
## Output variables. ##
## ----------------- ##

AWK='mawk'
CC='mpicc -g -pedantic -Wno-long-long'
CFLAGS='-g -O2'
CPP=''
CPPFLAGS=''
CXX='mpicxx -g -pedantic -Wno-long-long'
CXXFLAGS=''
DEFS=''
ECHO_C=''
ECHO_N='-n'
ECHO_T=''
EGREP=''
EXEEXT=''
F77='mpif77 -g'
F77_LIBS=''
FFLAGS=''
GREP=''
INSTALL_DATA='${INSTALL} -m 644'
INSTALL_PROGRAM='${INSTALL}'
INSTALL_SCRIPT='${INSTALL}'
LDFLAGS=''
LIBOBJS=''
LIBS=''
LTLIBOBJS=''
OBJEXT='o'
PACKAGE_BUGREPORT=''
PACKAGE_NAME='FronTier'
PACKAGE_STRING='FronTier 1.0'
PACKAGE_TARNAME='frontier'
PACKAGE_URL=''
PACKAGE_VERSION='1.0'
PATH_SEPARATOR=':'
PETSC_ARCH=''
PETSC_DIR='/usr/local/pkg/petsc-3.1-p7'
PETSC_INCLUDE='-I/usr/local/pkg/petsc-3.1-p7/include'
PETSC_LIB='-L/usr/local/pkg/petsc-3.1-p7/lib -lpetsc -llapack -lblas -ldl -lm -L/usr/X11R6/lib -lX11'
RANLIB='ranlib'
SHELL='/bin/bash'
XMKMF=''
ac_ct_CC=''
ac_ct_CXX=''
ac_ct_F77=''
bindir='${exec_prefix}/bin'
build='x86_64-unknown-linux-gnu'
build_alias=''
build_cgns='0'
build_cpu='x86_64'
build_linpak='0'
build_os='linux-gnu'
build_vendor='unknown'
datadir='${datarootdir}'
datarootdir='${prefix}/share'
debugg=''
devel='FT_libs'
docdir='${datarootdir}/doc/${PACKAGE_TARNAME}'
dutilincs=''
dvidir='${docdir}'
exampleincs=''
exec_prefix='NONE'
ftlibincs=''
gasclean=''
gasincs=''
gass=''
headers=''
host_alias=''
htmldir='${docdir}'
hypre=''
hypreprefix=''
iFluid=''
include_dirs=''
includedir='${prefix}/include'
infodir='${datarootdir}/info'
libdir='${exec_prefix}/lib'
libexecdir='${exec_prefix}/libexec'
libext=''
localedir='${datarootdir}/locale'
localstatedir='${prefix}/var'
mandir='${datarootdir}/man'
name=''
oldincludedir='/usr/include'
otherlibs=''
otherlibsinc=''
pdfdir='${docdir}'
prefix='NONE'
program_transform_name='s,x,x,'
psdir='${docdir}'
randy=''
sbindir='${exec_prefix}/sbin'
sharedstatedir='${prefix}/com'
sn_ellip=''
sysconfdir='${prefix}/etc'
target_alias=''
tsttyesornoo=''
utilincs=''

## ------------------- ##
## File substitutions. ##
## ------------------- ##

ftbuild=''
gasbuild=''

## ----------- ##
## confdefs.h. ##
## ----------- ##

/* confdefs.h */
#define PACKAGE_NAME "FronTier"
#define PACKAGE_TARNAME "frontier"
#define PACKAGE_VERSION "1.0"
#define PACKAGE_STRING "FronTier 1.0"
#define PACKAGE_BUGREPORT ""
#define PACKAGE_URL ""

configure: caught signal 2
configure: exit 1
